Arguments: 
  /Users/yassershalash/.nvm/versions/node/v16.15.1/bin/node /Users/yassershalash/.nvm/versions/node/v16.15.1/bin/yarn install

PATH: 
  /Users/yassershalash/.nvm/versions/node/v16.15.1/bin:./bin:./node_modules/.bin:/Users/yassershalash/.rbenv/shims:/Users/yassershalash/.rbenv/bin:/opt/homebrew/bin:/opt/homebrew/sbin:/usr/local/bin:/System/Cryptexes/App/usr/bin:/usr/bin:/bin:/usr/sbin:/sbin:/usr/local/sbin

Yarn version: 
  1.22.19

Node version: 
  16.15.1

Platform: 
  darwin arm64

Trace: 
  SyntaxError: /Users/yassershalash/Desktop/code/fullstack-group-project/api/package.json: Unexpected string in JSON at position 517
      at JSON.parse (<anonymous>)
      at /Users/yassershalash/.nvm/versions/node/v16.15.1/lib/node_modules/yarn/lib/cli.js:1629:59
      at Generator.next (<anonymous>)
      at step (/Users/yassershalash/.nvm/versions/node/v16.15.1/lib/node_modules/yarn/lib/cli.js:310:30)
      at /Users/yassershalash/.nvm/versions/node/v16.15.1/lib/node_modules/yarn/lib/cli.js:321:13

npm manifest: 
  {
    "name": "BookMe",
    "version": "1.0.0",
    "description": "Booking app",
    "main": "index.js",
    "license": "MIT",
    "dependencies": {
      "@types/bcrypt": "^5.0.0",
      "@types/cors": "^2.8.13",
      "@types/express": "^4.17.17",
      "@types/mongoose": "^5.11.97",
      "@types/passport": "^1.0.12",
      "@types/passport-jwt": "^3.0.8",
      "axios": "^1.3.4",
      "bcrypt": "^5.1.0",
      "cloudinary": "^1.34.0",
      "cors": "^2.8.5",
      "dotenv": "^16.0.3",
      "express": "^4.18.2",
      "mongoose": "^7.0.1"
      "nodemon": "^2.0.21",
      "passport": "^0.6.0",
      "passport-jwt": "^4.0.1",
      "ts-node": "^10.9.1",
      "typescript": "^4.9.5"
    },
    "scripts": {
      "start": "nodemon --watch \"src/*\" --ext \"ts,json\" --ignore \"src//.spec.ts\" --exec \"ts-node src/server.ts\""
    }
  }

yarn manifest: 
  No manifest

Lockfile: 
  No lockfile
